<?xml version="1.0" encoding="UTF-8"?>
<testsuite name="com.vario.app.VarioMathTest" tests="6" skipped="0" failures="0" errors="0" timestamp="2026-09-16T18:25:12" hostname="DESKTOP-7HDHHBS" time="0.054">
  <properties/>
  <testcase name="pressureToAltitude_zeroOrNegative_returnsZero" classname="com.vario.app.VarioMathTest" time="0.0"/>
  <testcase name="climbFrequency_scalesFrom400To1200Hz" classname="com.vario.app.VarioMathTest" time="0.042"/>
  <testcase name="climbPeriodSamples_scalesFrom10667To2667Samples" classname="com.vario.app.VarioMathTest" time="0.0"/>
  <testcase name="climbDutyCycle_scalesFrom40PercentTo85Percent" classname="com.vario.app.VarioMathTest" time="0.001"/>
  <testcase name="pressureToAltitude_standardAtmosphere_returnsAccurateElevations" classname="com.vario.app.VarioMathTest" time="0.011"/>
  <testcase name="sinkFrequency_scalesFrom400DownTo200Hz" classname="com.vario.app.VarioMathTest" time="0.0"/>
  <system-out><![CDATA[]]></system-out>
  <system-err><![CDATA[]]></system-err>
</testsuite>
